# JRE version: OpenJDK Runtime Environment (21.0.6) (build 21.0.6+-13391695-b895.109)
# Java VM: OpenJDK 64-Bit Server VM (21.0.6+-13391695-b895.109, mixed mode, tiered, compressed oops, compressed class ptrs, g1 gc, windows-amd64)
GC Precious Log:
 CardTable entry size: 512
 Card Set container configuration: InlinePtr #cards 5 size 8 Array Of Cards #cards 12 size 40 Howl #buckets 4 coarsen threshold 1843 Howl Bitmap #cards 512 size 80 coarsen threshold 460 Card regions per heap region 1 cards per card region 2048
 CPUs: 4 total, 4 available
 Memory: 7828M
 Large Page Support: Disabled
 NUMA Support: Disabled
 Compressed Oops: Enabled (32-bit)
 Heap Region Size: 1M
 Heap Min Capacity: 8M
 Heap Initial Capacity: 124M
 Heap Max Capacity: 2G
 Pre-touch: Disabled
 Parallel Workers: 4
 Concurrent Workers: 1
 Concurrent Refinement Workers: 4
 Periodic GC: Disabled
Heap:
 garbage-first heap   total 274432K, used 235445K [0x0000000080000000, 0x0000000100000000)
  region size 1024K, 88 young (90112K), 4 survivors (4096K)
 Metaspace       used 141605K, committed 144000K, reserved 1179648K
  class space    used 19163K, committed 20352K, reserved 1048576K
GC Heap History (20 events):
Event: 18.501 GC heap before
{Heap before GC invocations=45 (full 0):
 garbage-first heap   total 162816K, used 102692K [0x0000000080000000, 0x0000000100000000)
  region size 1024K, 4 young (4096K), 3 survivors (3072K)
 Metaspace       used 100005K, committed 102144K, reserved 1179648K
  class space    used 13276K, committed 14336K, reserved 1048576K
}
Event: 18.505 GC heap after
{Heap after GC invocations=46 (full 0):
 garbage-first heap   total 270336K, used 102550K [0x0000000080000000, 0x0000000100000000)
  region size 1024K, 3 young (3072K), 3 survivors (3072K)
 Metaspace       used 100005K, committed 102144K, reserved 1179648K
  class space    used 13276K, committed 14336K, reserved 1048576K
}
Event: 20.290 GC heap before
{Heap before GC invocations=46 (full 0):
 garbage-first heap   total 270336K, used 214166K [0x0000000080000000, 0x0000000100000000)
  region size 1024K, 111 young (113664K), 3 survivors (3072K)
 Metaspace       used 107975K, committed 110208K, reserved 1179648K
  class space    used 14569K, committed 15680K, reserved 1048576K
}
Event: 20.300 GC heap after
{Heap after GC invocations=47 (full 0):
 garbage-first heap   total 270336K, used 106419K [0x0000000080000000, 0x0000000100000000)
  region size 1024K, 7 young (7168K), 7 survivors (7168K)
 Metaspace       used 107975K, committed 110208K, reserved 1179648K
  class space    used 14569K, committed 15680K, reserved 1048576K
}
Event: 22.129 GC heap before
{Heap before GC invocations=47 (full 0):
 garbage-first heap   total 270336K, used 236467K [0x0000000080000000, 0x0000000100000000)
  region size 1024K, 134 young (137216K), 7 survivors (7168K)
 Metaspace       used 117152K, committed 119488K, reserved 1179648K
  class space    used 15855K, committed 17024K, reserved 1048576K
}
Event: 22.148 GC heap after
{Heap after GC invocations=48 (full 0):
 garbage-first heap   total 270336K, used 115416K [0x0000000080000000, 0x0000000100000000)
  region size 1024K, 15 young (15360K), 15 survivors (15360K)
 Metaspace       used 117152K, committed 119488K, reserved 1179648K
  class space    used 15855K, committed 17024K, reserved 1048576K
}
Event: 24.125 GC heap before
{Heap before GC invocations=49 (full 0):
 garbage-first heap   total 270336K, used 240344K [0x0000000080000000, 0x0000000100000000)
  region size 1024K, 134 young (137216K), 15 survivors (15360K)
 Metaspace       used 121404K, committed 123776K, reserved 1179648K
  class space    used 16293K, committed 17472K, reserved 1048576K
}
Event: 24.172 GC heap after
{Heap after GC invocations=50 (full 0):
 garbage-first heap   total 274432K, used 132096K [0x0000000080000000, 0x0000000100000000)
  region size 1024K, 17 young (17408K), 17 survivors (17408K)
 Metaspace       used 121404K, committed 123776K, reserved 1179648K
  class space    used 16293K, committed 17472K, reserved 1048576K
}
Event: 25.313 GC heap before
{Heap before GC invocations=50 (full 0):
 garbage-first heap   total 274432K, used 238592K [0x0000000080000000, 0x0000000100000000)
  region size 1024K, 122 young (124928K), 17 survivors (17408K)
 Metaspace       used 122055K, committed 124416K, reserved 1179648K
  class space    used 16400K, committed 17600K, reserved 1048576K
}
Event: 25.349 GC heap after
{Heap after GC invocations=51 (full 0):
 garbage-first heap   total 274432K, used 139776K [0x0000000080000000, 0x0000000100000000)
  region size 1024K, 9 young (9216K), 9 survivors (9216K)
 Metaspace       used 122055K, committed 124416K, reserved 1179648K
  class space    used 16400K, committed 17600K, reserved 1048576K
}
Event: 26.767 GC heap before
{Heap before GC invocations=51 (full 0):
 garbage-first heap   total 274432K, used 241152K [0x0000000080000000, 0x0000000100000000)
  region size 1024K, 109 young (111616K), 9 survivors (9216K)
 Metaspace       used 127284K, committed 129664K, reserved 1179648K
  class space    used 17156K, committed 18368K, reserved 1048576K
}
Event: 26.784 GC heap after
{Heap after GC invocations=52 (full 0):
 garbage-first heap   total 274432K, used 145917K [0x0000000080000000, 0x0000000100000000)
  region size 1024K, 9 young (9216K), 9 survivors (9216K)
 Metaspace       used 127284K, committed 129664K, reserved 1179648K
  class space    used 17156K, committed 18368K, reserved 1048576K
}
Event: 28.437 GC heap before
{Heap before GC invocations=53 (full 0):
 garbage-first heap   total 274432K, used 243197K [0x0000000080000000, 0x0000000100000000)
  region size 1024K, 105 young (107520K), 9 survivors (9216K)
 Metaspace       used 137680K, committed 140096K, reserved 1179648K
  class space    used 18741K, committed 19968K, reserved 1048576K
}
Event: 28.458 GC heap after
{Heap after GC invocations=54 (full 0):
 garbage-first heap   total 274432K, used 152714K [0x0000000080000000, 0x0000000100000000)
  region size 1024K, 8 young (8192K), 8 survivors (8192K)
 Metaspace       used 137680K, committed 140096K, reserved 1179648K
  class space    used 18741K, committed 19968K, reserved 1048576K
}
Event: 29.739 GC heap before
{Heap before GC invocations=54 (full 0):
 garbage-first heap   total 274432K, used 245898K [0x0000000080000000, 0x0000000100000000)
  region size 1024K, 100 young (102400K), 8 survivors (8192K)
 Metaspace       used 140505K, committed 142912K, reserved 1179648K
  class space    used 19048K, committed 20288K, reserved 1048576K
}
Event: 29.752 GC heap after
{Heap after GC invocations=55 (full 0):
 garbage-first heap   total 274432K, used 149209K [0x0000000080000000, 0x0000000100000000)
  region size 1024K, 2 young (2048K), 2 survivors (2048K)
 Metaspace       used 140505K, committed 142912K, reserved 1179648K
  class space    used 19048K, committed 20288K, reserved 1048576K
}
Event: 30.502 GC heap before
{Heap before GC invocations=55 (full 0):
 garbage-first heap   total 274432K, used 249561K [0x0000000080000000, 0x0000000100000000)
  region size 1024K, 100 young (102400K), 2 survivors (2048K)
 Metaspace       used 140771K, committed 143232K, reserved 1179648K
  class space    used 19064K, committed 20288K, reserved 1048576K
}
Event: 30.508 GC heap after
{Heap after GC invocations=56 (full 0):
 garbage-first heap   total 274432K, used 151133K [0x0000000080000000, 0x0000000100000000)
  region size 1024K, 4 young (4096K), 4 survivors (4096K)
 Metaspace       used 140771K, committed 143232K, reserved 1179648K
  class space    used 19064K, committed 20288K, reserved 1048576K
}
Event: 31.591 GC heap before
{Heap before GC invocations=57 (full 0):
 garbage-first heap   total 274432K, used 253533K [0x0000000080000000, 0x0000000100000000)
  region size 1024K, 104 young (106496K), 4 survivors (4096K)
 Metaspace       used 141318K, committed 143744K, reserved 1179648K
  class space    used 19143K, committed 20352K, reserved 1048576K
}
Event: 31.599 GC heap after
{Heap after GC invocations=58 (full 0):
 garbage-first heap   total 274432K, used 151477K [0x0000000080000000, 0x0000000100000000)
  region size 1024K, 4 young (4096K), 4 survivors (4096K)
 Metaspace       used 141318K, committed 143744K, reserved 1179648K
  class space    used 19143K, committed 20352K, reserved 1048576K
}

