# JRE version: OpenJDK Runtime Environment (21.0.6) (build 21.0.6+-13391695-b895.109)
# Java VM: OpenJDK 64-Bit Server VM (21.0.6+-13391695-b895.109, mixed mode, tiered, compressed oops, compressed class ptrs, g1 gc, windows-amd64)
GC Precious Log:
 CardTable entry size: 512
 Card Set container configuration: InlinePtr #cards 5 size 8 Array Of Cards #cards 12 size 40 Howl #buckets 4 coarsen threshold 1843 Howl Bitmap #cards 512 size 80 coarsen threshold 460 Card regions per heap region 1 cards per card region 2048
 CPUs: 4 total, 4 available
 Memory: 7828M
 Large Page Support: Disabled
 NUMA Support: Disabled
 Compressed Oops: Enabled (32-bit)
 Heap Region Size: 1M
 Heap Min Capacity: 8M
 Heap Initial Capacity: 124M
 Heap Max Capacity: 2G
 Pre-touch: Disabled
 Parallel Workers: 4
 Concurrent Workers: 1
 Concurrent Refinement Workers: 4
 Periodic GC: Disabled
Heap:
 garbage-first heap   total 279552K, used 229376K [0x0000000080000000, 0x0000000100000000)
  region size 1024K, 92 young (94208K), 6 survivors (6144K)
 Metaspace       used 127827K, committed 130304K, reserved 1179648K
  class space    used 17183K, committed 18432K, reserved 1048576K
GC Heap History (20 events):
Event: 19.341 GC heap before
{Heap before GC invocations=40 (full 0):
 garbage-first heap   total 178176K, used 159082K [0x0000000080000000, 0x0000000100000000)
  region size 1024K, 59 young (60416K), 3 survivors (3072K)
 Metaspace       used 105791K, committed 107968K, reserved 1179648K
  class space    used 14269K, committed 15360K, reserved 1048576K
}
Event: 19.349 GC heap after
{Heap after GC invocations=41 (full 0):
 garbage-first heap   total 178176K, used 104033K [0x0000000080000000, 0x0000000100000000)
  region size 1024K, 5 young (5120K), 5 survivors (5120K)
 Metaspace       used 105791K, committed 107968K, reserved 1179648K
  class space    used 14269K, committed 15360K, reserved 1048576K
}
Event: 20.328 GC heap before
{Heap before GC invocations=42 (full 0):
 garbage-first heap   total 178176K, used 161377K [0x0000000080000000, 0x0000000100000000)
  region size 1024K, 61 young (62464K), 5 survivors (5120K)
 Metaspace       used 109844K, committed 112000K, reserved 1179648K
  class space    used 14854K, committed 15936K, reserved 1048576K
}
Event: 20.343 GC heap after
{Heap after GC invocations=43 (full 0):
 garbage-first heap   total 178176K, used 106744K [0x0000000080000000, 0x0000000100000000)
  region size 1024K, 8 young (8192K), 8 survivors (8192K)
 Metaspace       used 109844K, committed 112000K, reserved 1179648K
  class space    used 14854K, committed 15936K, reserved 1048576K
}
Event: 21.104 GC heap before
{Heap before GC invocations=43 (full 0):
 garbage-first heap   total 178176K, used 157944K [0x0000000080000000, 0x0000000100000000)
  region size 1024K, 58 young (59392K), 8 survivors (8192K)
 Metaspace       used 114669K, committed 116928K, reserved 1179648K
  class space    used 15522K, committed 16640K, reserved 1048576K
}
Event: 21.120 GC heap after
{Heap after GC invocations=44 (full 0):
 garbage-first heap   total 214016K, used 107112K [0x0000000080000000, 0x0000000100000000)
  region size 1024K, 6 young (6144K), 6 survivors (6144K)
 Metaspace       used 114669K, committed 116928K, reserved 1179648K
  class space    used 15522K, committed 16640K, reserved 1048576K
}
Event: 22.146 GC heap before
{Heap before GC invocations=44 (full 0):
 garbage-first heap   total 214016K, used 186984K [0x0000000080000000, 0x0000000100000000)
  region size 1024K, 84 young (86016K), 6 survivors (6144K)
 Metaspace       used 117200K, committed 119488K, reserved 1179648K
  class space    used 15860K, committed 17024K, reserved 1048576K
}
Event: 22.165 GC heap after
{Heap after GC invocations=45 (full 0):
 garbage-first heap   total 214016K, used 114906K [0x0000000080000000, 0x0000000100000000)
  region size 1024K, 11 young (11264K), 11 survivors (11264K)
 Metaspace       used 117200K, committed 119488K, reserved 1179648K
  class space    used 15860K, committed 17024K, reserved 1048576K
}
Event: 22.822 GC heap before
{Heap before GC invocations=45 (full 0):
 garbage-first heap   total 214016K, used 153818K [0x0000000080000000, 0x0000000100000000)
  region size 1024K, 51 young (52224K), 11 survivors (11264K)
 Metaspace       used 118399K, committed 120704K, reserved 1179648K
  class space    used 15947K, committed 17088K, reserved 1048576K
}
Event: 22.846 GC heap after
{Heap after GC invocations=46 (full 0):
 garbage-first heap   total 214016K, used 124394K [0x0000000080000000, 0x0000000100000000)
  region size 1024K, 9 young (9216K), 9 survivors (9216K)
 Metaspace       used 118399K, committed 120704K, reserved 1179648K
  class space    used 15947K, committed 17088K, reserved 1048576K
}
Event: 24.489 GC heap before
{Heap before GC invocations=47 (full 0):
 garbage-first heap   total 214016K, used 191978K [0x0000000080000000, 0x0000000100000000)
  region size 1024K, 70 young (71680K), 9 survivors (9216K)
 Metaspace       used 121440K, committed 123776K, reserved 1179648K
  class space    used 16296K, committed 17472K, reserved 1048576K
}
Event: 24.509 GC heap after
{Heap after GC invocations=48 (full 0):
 garbage-first heap   total 214016K, used 132884K [0x0000000080000000, 0x0000000100000000)
  region size 1024K, 9 young (9216K), 9 survivors (9216K)
 Metaspace       used 121440K, committed 123776K, reserved 1179648K
  class space    used 16296K, committed 17472K, reserved 1048576K
}
Event: 25.332 GC heap before
{Heap before GC invocations=48 (full 0):
 garbage-first heap   total 214016K, used 189204K [0x0000000080000000, 0x0000000100000000)
  region size 1024K, 65 young (66560K), 9 survivors (9216K)
 Metaspace       used 121972K, committed 124352K, reserved 1179648K
  class space    used 16393K, committed 17600K, reserved 1048576K
}
Event: 25.350 GC heap after
{Heap after GC invocations=49 (full 0):
 garbage-first heap   total 214016K, used 135558K [0x0000000080000000, 0x0000000100000000)
  region size 1024K, 6 young (6144K), 6 survivors (6144K)
 Metaspace       used 121972K, committed 124352K, reserved 1179648K
  class space    used 16393K, committed 17600K, reserved 1048576K
}
Event: 26.087 GC heap before
{Heap before GC invocations=49 (full 0):
 garbage-first heap   total 214016K, used 190854K [0x0000000080000000, 0x0000000100000000)
  region size 1024K, 61 young (62464K), 6 survivors (6144K)
 Metaspace       used 122180K, committed 124544K, reserved 1179648K
  class space    used 16409K, committed 17600K, reserved 1048576K
}
Event: 26.097 GC heap after
{Heap after GC invocations=50 (full 0):
 garbage-first heap   total 214016K, used 139019K [0x0000000080000000, 0x0000000100000000)
  region size 1024K, 6 young (6144K), 6 survivors (6144K)
 Metaspace       used 122180K, committed 124544K, reserved 1179648K
  class space    used 16409K, committed 17600K, reserved 1048576K
}
Event: 27.285 GC heap before
{Heap before GC invocations=51 (full 0):
 garbage-first heap   total 232448K, used 194315K [0x0000000080000000, 0x0000000100000000)
  region size 1024K, 60 young (61440K), 6 survivors (6144K)
 Metaspace       used 124806K, committed 127168K, reserved 1179648K
  class space    used 16745K, committed 17920K, reserved 1048576K
}
Event: 27.298 GC heap after
{Heap after GC invocations=52 (full 0):
 garbage-first heap   total 232448K, used 142633K [0x0000000080000000, 0x0000000100000000)
  region size 1024K, 7 young (7168K), 7 survivors (7168K)
 Metaspace       used 124806K, committed 127168K, reserved 1179648K
  class space    used 16745K, committed 17920K, reserved 1048576K
}
Event: 28.023 GC heap before
{Heap before GC invocations=52 (full 0):
 garbage-first heap   total 232448K, used 208169K [0x0000000080000000, 0x0000000100000000)
  region size 1024K, 71 young (72704K), 7 survivors (7168K)
 Metaspace       used 126163K, committed 128576K, reserved 1179648K
  class space    used 16933K, committed 18176K, reserved 1048576K
}
Event: 28.039 GC heap after
{Heap after GC invocations=53 (full 0):
 garbage-first heap   total 279552K, used 143360K [0x0000000080000000, 0x0000000100000000)
  region size 1024K, 6 young (6144K), 6 survivors (6144K)
 Metaspace       used 126163K, committed 128576K, reserved 1179648K
  class space    used 16933K, committed 18176K, reserved 1048576K
}

