# JRE version: OpenJDK Runtime Environment (21.0.7) (build 21.0.7+-13880790-b1038.58)
# Java VM: OpenJDK 64-Bit Server VM (21.0.7+-13880790-b1038.58, mixed mode, tiered, compressed oops, compressed class ptrs, g1 gc, windows-amd64)
GC Precious Log:
 CardTable entry size: 512
 Card Set container configuration: InlinePtr #cards 5 size 8 Array Of Cards #cards 12 size 40 Howl #buckets 4 coarsen threshold 1843 Howl Bitmap #cards 512 size 80 coarsen threshold 460 Card regions per heap region 1 cards per card region 2048
 CPUs: 4 total, 4 available
 Memory: 7828M
 Large Page Support: Disabled
 NUMA Support: Disabled
 Compressed Oops: Enabled (32-bit)
 Heap Region Size: 1M
 Heap Min Capacity: 8M
 Heap Initial Capacity: 124M
 Heap Max Capacity: 2G
 Pre-touch: Disabled
 Parallel Workers: 4
 Concurrent Workers: 1
 Concurrent Refinement Workers: 4
 Periodic GC: Disabled
Heap:
 garbage-first heap   total 455680K, used 368848K [0x0000000080000000, 0x0000000100000000)
  region size 1024K, 173 young (177152K), 3 survivors (3072K)
 Metaspace       used 194242K, committed 196096K, reserved 1245184K
  class space    used 24888K, committed 25856K, reserved 1048576K
GC Heap History (20 events):
Event: 8814.918 GC heap before
{Heap before GC invocations=98 (full 1):
 garbage-first heap   total 444416K, used 411716K [0x0000000080000000, 0x0000000100000000)
  region size 1024K, 252 young (258048K), 20 survivors (20480K)
 Metaspace       used 186679K, committed 188096K, reserved 1245184K
  class space    used 24014K, committed 24704K, reserved 1048576K
}
Event: 8815.069 GC heap after
{Heap after GC invocations=99 (full 1):
 garbage-first heap   total 444416K, used 164512K [0x0000000080000000, 0x0000000100000000)
  region size 1024K, 10 young (10240K), 10 survivors (10240K)
 Metaspace       used 186679K, committed 188096K, reserved 1245184K
  class space    used 24014K, committed 24704K, reserved 1048576K
}
Event: 8828.560 GC heap before
{Heap before GC invocations=99 (full 1):
 garbage-first heap   total 444416K, used 406176K [0x0000000080000000, 0x0000000100000000)
  region size 1024K, 235 young (240640K), 10 survivors (10240K)
 Metaspace       used 188992K, committed 190400K, reserved 1245184K
  class space    used 24292K, committed 25024K, reserved 1048576K
}
Event: 8828.627 GC heap after
{Heap after GC invocations=100 (full 1):
 garbage-first heap   total 444416K, used 176691K [0x0000000080000000, 0x0000000100000000)
  region size 1024K, 21 young (21504K), 21 survivors (21504K)
 Metaspace       used 188992K, committed 190400K, reserved 1245184K
  class space    used 24292K, committed 25024K, reserved 1048576K
}
Event: 8829.366 GC heap before
{Heap before GC invocations=100 (full 1):
 garbage-first heap   total 444416K, used 396851K [0x0000000080000000, 0x0000000100000000)
  region size 1024K, 236 young (241664K), 21 survivors (21504K)
 Metaspace       used 189072K, committed 190464K, reserved 1245184K
  class space    used 24295K, committed 25024K, reserved 1048576K
}
Event: 8829.398 GC heap after
{Heap after GC invocations=101 (full 1):
 garbage-first heap   total 444416K, used 169389K [0x0000000080000000, 0x0000000100000000)
  region size 1024K, 11 young (11264K), 11 survivors (11264K)
 Metaspace       used 189072K, committed 190464K, reserved 1245184K
  class space    used 24295K, committed 25024K, reserved 1048576K
}
Event: 8831.542 GC heap before
{Heap before GC invocations=102 (full 1):
 garbage-first heap   total 444416K, used 402861K [0x0000000080000000, 0x0000000100000000)
  region size 1024K, 240 young (245760K), 11 survivors (11264K)
 Metaspace       used 189107K, committed 190464K, reserved 1245184K
  class space    used 24292K, committed 25024K, reserved 1048576K
}
Event: 8831.552 GC heap after
{Heap after GC invocations=103 (full 1):
 garbage-first heap   total 444416K, used 164781K [0x0000000080000000, 0x0000000100000000)
  region size 1024K, 7 young (7168K), 7 survivors (7168K)
 Metaspace       used 189107K, committed 190464K, reserved 1245184K
  class space    used 24292K, committed 25024K, reserved 1048576K
}
Event: 8981.237 GC heap before
{Heap before GC invocations=103 (full 1):
 garbage-first heap   total 444416K, used 441261K [0x0000000080000000, 0x0000000100000000)
  region size 1024K, 224 young (229376K), 7 survivors (7168K)
 Metaspace       used 189505K, committed 190848K, reserved 1245184K
  class space    used 24338K, committed 25024K, reserved 1048576K
}
Event: 8981.248 GC heap after
{Heap after GC invocations=104 (full 1):
 garbage-first heap   total 449536K, used 159071K [0x0000000080000000, 0x0000000100000000)
  region size 1024K, 3 young (3072K), 3 survivors (3072K)
 Metaspace       used 189505K, committed 190848K, reserved 1245184K
  class space    used 24338K, committed 25024K, reserved 1048576K
}
Event: 10437.650 GC heap before
{Heap before GC invocations=104 (full 1):
 garbage-first heap   total 449536K, used 418143K [0x0000000080000000, 0x0000000100000000)
  region size 1024K, 256 young (262144K), 3 survivors (3072K)
 Metaspace       used 190918K, committed 192768K, reserved 1245184K
  class space    used 24604K, committed 25536K, reserved 1048576K
}
Event: 10437.873 GC heap after
{Heap after GC invocations=105 (full 1):
 garbage-first heap   total 449536K, used 163833K [0x0000000080000000, 0x0000000100000000)
  region size 1024K, 7 young (7168K), 7 survivors (7168K)
 Metaspace       used 190918K, committed 192768K, reserved 1245184K
  class space    used 24604K, committed 25536K, reserved 1048576K
}
Event: 10443.154 GC heap before
{Heap before GC invocations=106 (full 1):
 garbage-first heap   total 449536K, used 281593K [0x0000000080000000, 0x0000000100000000)
  region size 1024K, 122 young (124928K), 7 survivors (7168K)
 Metaspace       used 191127K, committed 192960K, reserved 1245184K
  class space    used 24618K, committed 25536K, reserved 1048576K
}
Event: 10443.249 GC heap after
{Heap after GC invocations=107 (full 1):
 garbage-first heap   total 449536K, used 177210K [0x0000000080000000, 0x0000000100000000)
  region size 1024K, 16 young (16384K), 16 survivors (16384K)
 Metaspace       used 191127K, committed 192960K, reserved 1245184K
  class space    used 24618K, committed 25536K, reserved 1048576K
}
Event: 10460.993 GC heap before
{Heap before GC invocations=107 (full 1):
 garbage-first heap   total 449536K, used 425018K [0x0000000080000000, 0x0000000100000000)
  region size 1024K, 241 young (246784K), 16 survivors (16384K)
 Metaspace       used 193667K, committed 195520K, reserved 1245184K
  class space    used 24796K, committed 25728K, reserved 1048576K
}
Event: 10461.109 GC heap after
{Heap after GC invocations=108 (full 1):
 garbage-first heap   total 455680K, used 188653K [0x0000000080000000, 0x0000000100000000)
  region size 1024K, 24 young (24576K), 24 survivors (24576K)
 Metaspace       used 193667K, committed 195520K, reserved 1245184K
  class space    used 24796K, committed 25728K, reserved 1048576K
}
Event: 10461.115 GC heap before
{Heap before GC invocations=108 (full 1):
 garbage-first heap   total 455680K, used 189677K [0x0000000080000000, 0x0000000100000000)
  region size 1024K, 25 young (25600K), 24 survivors (24576K)
 Metaspace       used 193667K, committed 195520K, reserved 1245184K
  class space    used 24796K, committed 25728K, reserved 1048576K
}
Event: 10461.191 GC heap after
{Heap after GC invocations=109 (full 1):
 garbage-first heap   total 455680K, used 190399K [0x0000000080000000, 0x0000000100000000)
  region size 1024K, 1 young (1024K), 1 survivors (1024K)
 Metaspace       used 193667K, committed 195520K, reserved 1245184K
  class space    used 24796K, committed 25728K, reserved 1048576K
}
Event: 10462.856 GC heap before
{Heap before GC invocations=110 (full 1):
 garbage-first heap   total 455680K, used 326591K [0x0000000080000000, 0x0000000100000000)
  region size 1024K, 135 young (138240K), 1 survivors (1024K)
 Metaspace       used 193382K, committed 195328K, reserved 1245184K
  class space    used 24774K, committed 25728K, reserved 1048576K
}
Event: 10462.861 GC heap after
{Heap after GC invocations=111 (full 1):
 garbage-first heap   total 455680K, used 191696K [0x0000000080000000, 0x0000000100000000)
  region size 1024K, 3 young (3072K), 3 survivors (3072K)
 Metaspace       used 193382K, committed 195328K, reserved 1245184K
  class space    used 24774K, committed 25728K, reserved 1048576K
}

