# JRE version: OpenJDK Runtime Environment (21.0.6) (build 21.0.6+-13391695-b895.109)
# Java VM: OpenJDK 64-Bit Server VM (21.0.6+-13391695-b895.109, mixed mode, tiered, compressed oops, compressed class ptrs, g1 gc, windows-amd64)
GC Precious Log:
 CardTable entry size: 512
 Card Set container configuration: InlinePtr #cards 5 size 8 Array Of Cards #cards 12 size 40 Howl #buckets 4 coarsen threshold 1843 Howl Bitmap #cards 512 size 80 coarsen threshold 460 Card regions per heap region 1 cards per card region 2048
 CPUs: 4 total, 4 available
 Memory: 7828M
 Large Page Support: Disabled
 NUMA Support: Disabled
 Compressed Oops: Enabled (32-bit)
 Heap Region Size: 1M
 Heap Min Capacity: 8M
 Heap Initial Capacity: 124M
 Heap Max Capacity: 2G
 Pre-touch: Disabled
 Parallel Workers: 4
 Concurrent Workers: 1
 Concurrent Refinement Workers: 4
 Periodic GC: Disabled
Heap:
 garbage-first heap   total 177152K, used 132777K [0x0000000080000000, 0x0000000100000000)
  region size 1024K, 33 young (33792K), 6 survivors (6144K)
 Metaspace       used 116462K, committed 118656K, reserved 1179648K
  class space    used 15743K, committed 16832K, reserved 1048576K
GC Heap History (20 events):
Event: 13.803 GC heap before
{Heap before GC invocations=31 (full 0):
 garbage-first heap   total 136192K, used 119808K [0x0000000080000000, 0x0000000100000000)
  region size 1024K, 47 young (48128K), 7 survivors (7168K)
 Metaspace       used 80165K, committed 81984K, reserved 1179648K
  class space    used 10603K, committed 11520K, reserved 1048576K
}
Event: 13.810 GC heap after
{Heap after GC invocations=32 (full 0):
 garbage-first heap   total 136192K, used 79708K [0x0000000080000000, 0x0000000100000000)
  region size 1024K, 2 young (2048K), 2 survivors (2048K)
 Metaspace       used 80165K, committed 81984K, reserved 1179648K
  class space    used 10603K, committed 11520K, reserved 1048576K
}
Event: 14.404 GC heap before
{Heap before GC invocations=32 (full 0):
 garbage-first heap   total 136192K, used 111452K [0x0000000080000000, 0x0000000100000000)
  region size 1024K, 34 young (34816K), 2 survivors (2048K)
 Metaspace       used 84115K, committed 86016K, reserved 1179648K
  class space    used 11171K, committed 12160K, reserved 1048576K
}
Event: 14.409 GC heap after
{Heap after GC invocations=33 (full 0):
 garbage-first heap   total 136192K, used 82095K [0x0000000080000000, 0x0000000100000000)
  region size 1024K, 4 young (4096K), 4 survivors (4096K)
 Metaspace       used 84115K, committed 86016K, reserved 1179648K
  class space    used 11171K, committed 12160K, reserved 1048576K
}
Event: 15.030 GC heap before
{Heap before GC invocations=34 (full 0):
 garbage-first heap   total 147456K, used 128175K [0x0000000080000000, 0x0000000100000000)
  region size 1024K, 44 young (45056K), 4 survivors (4096K)
 Metaspace       used 86361K, committed 88320K, reserved 1179648K
  class space    used 11482K, committed 12480K, reserved 1048576K
}
Event: 15.039 GC heap after
{Heap after GC invocations=35 (full 0):
 garbage-first heap   total 147456K, used 86674K [0x0000000080000000, 0x0000000100000000)
  region size 1024K, 6 young (6144K), 6 survivors (6144K)
 Metaspace       used 86361K, committed 88320K, reserved 1179648K
  class space    used 11482K, committed 12480K, reserved 1048576K
}
Event: 15.680 GC heap before
{Heap before GC invocations=35 (full 0):
 garbage-first heap   total 147456K, used 129682K [0x0000000080000000, 0x0000000100000000)
  region size 1024K, 49 young (50176K), 6 survivors (6144K)
 Metaspace       used 90532K, committed 92480K, reserved 1179648K
  class space    used 11990K, committed 12992K, reserved 1048576K
}
Event: 15.691 GC heap after
{Heap after GC invocations=36 (full 0):
 garbage-first heap   total 147456K, used 87869K [0x0000000080000000, 0x0000000100000000)
  region size 1024K, 3 young (3072K), 3 survivors (3072K)
 Metaspace       used 90532K, committed 92480K, reserved 1179648K
  class space    used 11990K, committed 12992K, reserved 1048576K
}
Event: 16.476 GC heap before
{Heap before GC invocations=36 (full 0):
 garbage-first heap   total 147456K, used 131901K [0x0000000080000000, 0x0000000100000000)
  region size 1024K, 46 young (47104K), 3 survivors (3072K)
 Metaspace       used 94922K, committed 96832K, reserved 1179648K
  class space    used 12543K, committed 13504K, reserved 1048576K
}
Event: 16.482 GC heap after
{Heap after GC invocations=37 (full 0):
 garbage-first heap   total 177152K, used 89786K [0x0000000080000000, 0x0000000100000000)
  region size 1024K, 5 young (5120K), 5 survivors (5120K)
 Metaspace       used 94922K, committed 96832K, reserved 1179648K
  class space    used 12543K, committed 13504K, reserved 1048576K
}
Event: 17.375 GC heap before
{Heap before GC invocations=38 (full 0):
 garbage-first heap   total 177152K, used 155322K [0x0000000080000000, 0x0000000100000000)
  region size 1024K, 66 young (67584K), 5 survivors (5120K)
 Metaspace       used 96983K, committed 98944K, reserved 1179648K
  class space    used 12850K, committed 13824K, reserved 1048576K
}
Event: 17.388 GC heap after
{Heap after GC invocations=39 (full 0):
 garbage-first heap   total 177152K, used 98223K [0x0000000080000000, 0x0000000100000000)
  region size 1024K, 9 young (9216K), 9 survivors (9216K)
 Metaspace       used 96983K, committed 98944K, reserved 1179648K
  class space    used 12850K, committed 13824K, reserved 1048576K
}
Event: 18.368 GC heap before
{Heap before GC invocations=39 (full 0):
 garbage-first heap   total 177152K, used 156591K [0x0000000080000000, 0x0000000100000000)
  region size 1024K, 66 young (67584K), 9 survivors (9216K)
 Metaspace       used 101432K, committed 103488K, reserved 1179648K
  class space    used 13492K, committed 14528K, reserved 1048576K
}
Event: 18.381 GC heap after
{Heap after GC invocations=40 (full 0):
 garbage-first heap   total 177152K, used 99663K [0x0000000080000000, 0x0000000100000000)
  region size 1024K, 3 young (3072K), 3 survivors (3072K)
 Metaspace       used 101432K, committed 103488K, reserved 1179648K
  class space    used 13492K, committed 14528K, reserved 1048576K
}
Event: 19.218 GC heap before
{Heap before GC invocations=40 (full 0):
 garbage-first heap   total 177152K, used 159055K [0x0000000080000000, 0x0000000100000000)
  region size 1024K, 61 young (62464K), 3 survivors (3072K)
 Metaspace       used 105778K, committed 107840K, reserved 1179648K
  class space    used 14254K, committed 15296K, reserved 1048576K
}
Event: 19.225 GC heap after
{Heap after GC invocations=41 (full 0):
 garbage-first heap   total 177152K, used 101822K [0x0000000080000000, 0x0000000100000000)
  region size 1024K, 5 young (5120K), 5 survivors (5120K)
 Metaspace       used 105778K, committed 107840K, reserved 1179648K
  class space    used 14254K, committed 15296K, reserved 1048576K
}
Event: 20.101 GC heap before
{Heap before GC invocations=42 (full 0):
 garbage-first heap   total 177152K, used 161214K [0x0000000080000000, 0x0000000100000000)
  region size 1024K, 63 young (64512K), 5 survivors (5120K)
 Metaspace       used 109902K, committed 112064K, reserved 1179648K
  class space    used 14848K, committed 15936K, reserved 1048576K
}
Event: 20.112 GC heap after
{Heap after GC invocations=43 (full 0):
 garbage-first heap   total 177152K, used 105229K [0x0000000080000000, 0x0000000100000000)
  region size 1024K, 6 young (6144K), 6 survivors (6144K)
 Metaspace       used 109902K, committed 112064K, reserved 1179648K
  class space    used 14848K, committed 15936K, reserved 1048576K
}
Event: 21.128 GC heap before
{Heap before GC invocations=43 (full 0):
 garbage-first heap   total 177152K, used 160525K [0x0000000080000000, 0x0000000100000000)
  region size 1024K, 60 young (61440K), 6 survivors (6144K)
 Metaspace       used 114976K, committed 117184K, reserved 1179648K
  class space    used 15541K, committed 16640K, reserved 1048576K
}
Event: 21.143 GC heap after
{Heap after GC invocations=44 (full 0):
 garbage-first heap   total 177152K, used 106153K [0x0000000080000000, 0x0000000100000000)
  region size 1024K, 6 young (6144K), 6 survivors (6144K)
 Metaspace       used 114976K, committed 117184K, reserved 1179648K
  class space    used 15541K, committed 16640K, reserved 1048576K
}

