# JRE version: OpenJDK Runtime Environment (21.0.7) (build 21.0.7+-13880790-b1038.58)
# Java VM: OpenJDK 64-Bit Server VM (21.0.7+-13880790-b1038.58, mixed mode, tiered, compressed oops, compressed class ptrs, g1 gc, windows-amd64)
GC Precious Log:
 CardTable entry size: 512
 Card Set container configuration: InlinePtr #cards 5 size 8 Array Of Cards #cards 12 size 40 Howl #buckets 4 coarsen threshold 1843 Howl Bitmap #cards 512 size 80 coarsen threshold 460 Card regions per heap region 1 cards per card region 2048
 CPUs: 4 total, 4 available
 Memory: 7828M
 Large Page Support: Disabled
 NUMA Support: Disabled
 Compressed Oops: Enabled (32-bit)
 Heap Region Size: 1M
 Heap Min Capacity: 8M
 Heap Initial Capacity: 124M
 Heap Max Capacity: 2G
 Pre-touch: Disabled
 Parallel Workers: 4
 Concurrent Workers: 1
 Concurrent Refinement Workers: 4
 Periodic GC: Disabled
Heap:
 garbage-first heap   total 176128K, used 139540K [0x0000000080000000, 0x0000000100000000)
  region size 1024K, 38 young (38912K), 6 survivors (6144K)
 Metaspace       used 117550K, committed 119808K, reserved 1179648K
  class space    used 16214K, committed 17280K, reserved 1048576K
GC Heap History (20 events):
Event: 18.438 GC heap before
{Heap before GC invocations=34 (full 0):
 garbage-first heap   total 132096K, used 119165K [0x0000000080000000, 0x0000000100000000)
  region size 1024K, 37 young (37888K), 4 survivors (4096K)
 Metaspace       used 86581K, committed 88512K, reserved 1179648K
  class space    used 11741K, committed 12672K, reserved 1048576K
}
Event: 18.448 GC heap after
{Heap after GC invocations=35 (full 0):
 garbage-first heap   total 158720K, used 88854K [0x0000000080000000, 0x0000000100000000)
  region size 1024K, 5 young (5120K), 5 survivors (5120K)
 Metaspace       used 86581K, committed 88512K, reserved 1179648K
  class space    used 11741K, committed 12672K, reserved 1048576K
}
Event: 19.468 GC heap before
{Heap before GC invocations=35 (full 0):
 garbage-first heap   total 158720K, used 135958K [0x0000000080000000, 0x0000000100000000)
  region size 1024K, 52 young (53248K), 5 survivors (5120K)
 Metaspace       used 91787K, committed 93760K, reserved 1179648K
  class space    used 12382K, committed 13376K, reserved 1048576K
}
Event: 19.477 GC heap after
{Heap after GC invocations=36 (full 0):
 garbage-first heap   total 158720K, used 92165K [0x0000000080000000, 0x0000000100000000)
  region size 1024K, 6 young (6144K), 6 survivors (6144K)
 Metaspace       used 91787K, committed 93760K, reserved 1179648K
  class space    used 12382K, committed 13376K, reserved 1048576K
}
Event: 20.307 GC heap before
{Heap before GC invocations=36 (full 0):
 garbage-first heap   total 158720K, used 139269K [0x0000000080000000, 0x0000000100000000)
  region size 1024K, 53 young (54272K), 6 survivors (6144K)
 Metaspace       used 95733K, committed 97728K, reserved 1179648K
  class space    used 12910K, committed 13888K, reserved 1048576K
}
Event: 20.316 GC heap after
{Heap after GC invocations=37 (full 0):
 garbage-first heap   total 158720K, used 94273K [0x0000000080000000, 0x0000000100000000)
  region size 1024K, 5 young (5120K), 5 survivors (5120K)
 Metaspace       used 95733K, committed 97728K, reserved 1179648K
  class space    used 12910K, committed 13888K, reserved 1048576K
}
Event: 21.000 GC heap before
{Heap before GC invocations=38 (full 0):
 garbage-first heap   total 160768K, used 143425K [0x0000000080000000, 0x0000000100000000)
  region size 1024K, 52 young (53248K), 5 survivors (5120K)
 Metaspace       used 97067K, committed 99072K, reserved 1179648K
  class space    used 13123K, committed 14144K, reserved 1048576K
}
Event: 21.011 GC heap after
{Heap after GC invocations=39 (full 0):
 garbage-first heap   total 160768K, used 99845K [0x0000000080000000, 0x0000000100000000)
  region size 1024K, 7 young (7168K), 7 survivors (7168K)
 Metaspace       used 97067K, committed 99072K, reserved 1179648K
  class space    used 13123K, committed 14144K, reserved 1048576K
}
Event: 21.675 GC heap before
{Heap before GC invocations=39 (full 0):
 garbage-first heap   total 160768K, used 143877K [0x0000000080000000, 0x0000000100000000)
  region size 1024K, 50 young (51200K), 7 survivors (7168K)
 Metaspace       used 100196K, committed 102272K, reserved 1179648K
  class space    used 13552K, committed 14592K, reserved 1048576K
}
Event: 21.686 GC heap after
{Heap after GC invocations=40 (full 0):
 garbage-first heap   total 160768K, used 100894K [0x0000000080000000, 0x0000000100000000)
  region size 1024K, 2 young (2048K), 2 survivors (2048K)
 Metaspace       used 100196K, committed 102272K, reserved 1179648K
  class space    used 13552K, committed 14592K, reserved 1048576K
}
Event: 21.725 GC heap before
{Heap before GC invocations=40 (full 0):
 garbage-first heap   total 160768K, used 102942K [0x0000000080000000, 0x0000000100000000)
  region size 1024K, 5 young (5120K), 2 survivors (2048K)
 Metaspace       used 100371K, committed 102400K, reserved 1179648K
  class space    used 13572K, committed 14592K, reserved 1048576K
}
Event: 21.729 GC heap after
{Heap after GC invocations=41 (full 0):
 garbage-first heap   total 160768K, used 101164K [0x0000000080000000, 0x0000000100000000)
  region size 1024K, 3 young (3072K), 3 survivors (3072K)
 Metaspace       used 100371K, committed 102400K, reserved 1179648K
  class space    used 13572K, committed 14592K, reserved 1048576K
}
Event: 22.678 GC heap before
{Heap before GC invocations=42 (full 0):
 garbage-first heap   total 171008K, used 147244K [0x0000000080000000, 0x0000000100000000)
  region size 1024K, 48 young (49152K), 3 survivors (3072K)
 Metaspace       used 103802K, committed 105856K, reserved 1179648K
  class space    used 14225K, committed 15232K, reserved 1048576K
}
Event: 22.684 GC heap after
{Heap after GC invocations=43 (full 0):
 garbage-first heap   total 171008K, used 101515K [0x0000000080000000, 0x0000000100000000)
  region size 1024K, 4 young (4096K), 4 survivors (4096K)
 Metaspace       used 103802K, committed 105856K, reserved 1179648K
  class space    used 14225K, committed 15232K, reserved 1048576K
}
Event: 23.640 GC heap before
{Heap before GC invocations=43 (full 0):
 garbage-first heap   total 171008K, used 156811K [0x0000000080000000, 0x0000000100000000)
  region size 1024K, 58 young (59392K), 4 survivors (4096K)
 Metaspace       used 107620K, committed 109760K, reserved 1179648K
  class space    used 14814K, committed 15872K, reserved 1048576K
}
Event: 23.651 GC heap after
{Heap after GC invocations=44 (full 0):
 garbage-first heap   total 171008K, used 102293K [0x0000000080000000, 0x0000000100000000)
  region size 1024K, 6 young (6144K), 6 survivors (6144K)
 Metaspace       used 107620K, committed 109760K, reserved 1179648K
  class space    used 14814K, committed 15872K, reserved 1048576K
}
Event: 24.831 GC heap before
{Heap before GC invocations=44 (full 0):
 garbage-first heap   total 171008K, used 155541K [0x0000000080000000, 0x0000000100000000)
  region size 1024K, 58 young (59392K), 6 survivors (6144K)
 Metaspace       used 111587K, committed 113792K, reserved 1179648K
  class space    used 15378K, committed 16448K, reserved 1048576K
}
Event: 24.844 GC heap after
{Heap after GC invocations=45 (full 0):
 garbage-first heap   total 171008K, used 105145K [0x0000000080000000, 0x0000000100000000)
  region size 1024K, 7 young (7168K), 7 survivors (7168K)
 Metaspace       used 111587K, committed 113792K, reserved 1179648K
  class space    used 15378K, committed 16448K, reserved 1048576K
}
Event: 25.955 GC heap before
{Heap before GC invocations=46 (full 0):
 garbage-first heap   total 176128K, used 153273K [0x0000000080000000, 0x0000000100000000)
  region size 1024K, 54 young (55296K), 7 survivors (7168K)
 Metaspace       used 115954K, committed 118080K, reserved 1179648K
  class space    used 15985K, committed 17024K, reserved 1048576K
}
Event: 25.969 GC heap after
{Heap after GC invocations=47 (full 0):
 garbage-first heap   total 176128K, used 107796K [0x0000000080000000, 0x0000000100000000)
  region size 1024K, 6 young (6144K), 6 survivors (6144K)
 Metaspace       used 115954K, committed 118080K, reserved 1179648K
  class space    used 15985K, committed 17024K, reserved 1048576K
}

